[0.131s] DEBUG:colcon:Command line arguments: ['/usr/bin/colcon', 'list', '-p', '--base-paths', '/home/tarun/lmas_ws']
[0.131s] DEBUG:colcon:Parsed command line arguments: Namespace(log_base=None, log_level=None, verb_name='list', build_base='build', ignore_user_meta=False, metas=['./colcon.meta'], base_paths=['/home/tarun/lmas_ws'], packages_ignore=None, packages_ignore_regex=None, paths=None, packages_up_to=None, packages_up_to_regex=None, packages_above=None, packages_above_and_dependencies=None, packages_above_depth=None, packages_select_by_dep=None, packages_skip_by_dep=None, packages_skip_up_to=None, packages_select_build_failed=False, packages_skip_build_finished=False, packages_select_test_failures=False, packages_skip_test_passed=False, packages_select=None, packages_skip=None, packages_select_regex=None, packages_skip_regex=None, packages_start=None, packages_end=None, allow_overriding=[], topological_order=False, names_only=False, paths_only=True, topological_graph=False, topological_graph_dot=False, topological_graph_density=False, topological_graph_legend=False, topological_graph_dot_cluster=False, topological_graph_dot_include_skipped=False, mixin_files=None, mixin=None, verb_parser=<colcon_mixin.mixin.mixin_argument.MixinArgumentDecorator object at 0x747c69e2b370>, verb_extension=<colcon_package_information.verb.list.ListVerb object at 0x747c69f9fe20>, main=<bound method ListVerb.main of <colcon_package_information.verb.list.ListVerb object at 0x747c69f9fe20>>, mixin_verb=('list',))
[0.359s] Level 1:colcon.colcon_core.package_discovery:discover_packages(colcon_meta) check parameters
[0.359s] Level 1:colcon.colcon_core.package_discovery:discover_packages(recursive) check parameters
[0.359s] Level 1:colcon.colcon_core.package_discovery:discover_packages(ignore) check parameters
[0.360s] Level 1:colcon.colcon_core.package_discovery:discover_packages(path) check parameters
[0.360s] Level 1:colcon.colcon_core.package_discovery:discover_packages(recursive) discover
[0.360s] INFO:colcon.colcon_core.package_discovery:Crawling recursively for packages in '/home/tarun/lmas_ws'
[0.360s] Level 1:colcon.colcon_core.package_identification:_identify(/home/tarun/lmas_ws) by extensions ['ignore', 'ignore_ament_install']
[0.360s] Level 1:colcon.colcon_core.package_identification:_identify(/home/tarun/lmas_ws) by extension 'ignore'
[0.360s] Level 1:colcon.colcon_core.package_identification:_identify(/home/tarun/lmas_ws) by extension 'ignore_ament_install'
[0.360s] Level 1:colcon.colcon_core.package_identification:_identify(/home/tarun/lmas_ws) by extensions ['colcon_pkg']
[0.360s] Level 1:colcon.colcon_core.package_identification:_identify(/home/tarun/lmas_ws) by extension 'colcon_pkg'
[0.360s] Level 1:colcon.colcon_core.package_identification:_identify(/home/tarun/lmas_ws) by extensions ['colcon_meta']
[0.360s] Level 1:colcon.colcon_core.package_identification:_identify(/home/tarun/lmas_ws) by extension 'colcon_meta'
[0.360s] Level 1:colcon.colcon_core.package_identification:_identify(/home/tarun/lmas_ws) by extensions ['ros']
[0.360s] Level 1:colcon.colcon_core.package_identification:_identify(/home/tarun/lmas_ws) by extension 'ros'
[0.379s] Level 1:colcon.colcon_core.package_identification:_identify(/home/tarun/lmas_ws) by extensions ['cmake', 'python']
[0.379s] Level 1:colcon.colcon_core.package_identification:_identify(/home/tarun/lmas_ws) by extension 'cmake'
[0.380s] Level 1:colcon.colcon_core.package_identification:_identify(/home/tarun/lmas_ws) by extension 'python'
[0.380s] Level 1:colcon.colcon_core.package_identification:_identify(/home/tarun/lmas_ws) by extensions ['python_setup_py']
[0.380s] Level 1:colcon.colcon_core.package_identification:_identify(/home/tarun/lmas_ws) by extension 'python_setup_py'
[0.380s] Level 1:colcon.colcon_core.package_identification:_identify(/home/tarun/lmas_ws/build) by extensions ['ignore', 'ignore_ament_install']
[0.380s] Level 1:colcon.colcon_core.package_identification:_identify(/home/tarun/lmas_ws/build) by extension 'ignore'
[0.380s] Level 1:colcon.colcon_core.package_identification:_identify(/home/tarun/lmas_ws/build) ignored
[0.380s] Level 1:colcon.colcon_core.package_identification:_identify(/home/tarun/lmas_ws/install) by extensions ['ignore', 'ignore_ament_install']
[0.381s] Level 1:colcon.colcon_core.package_identification:_identify(/home/tarun/lmas_ws/install) by extension 'ignore'
[0.381s] Level 1:colcon.colcon_core.package_identification:_identify(/home/tarun/lmas_ws/install) ignored
[0.381s] Level 1:colcon.colcon_core.package_identification:_identify(/home/tarun/lmas_ws/log) by extensions ['ignore', 'ignore_ament_install']
[0.381s] Level 1:colcon.colcon_core.package_identification:_identify(/home/tarun/lmas_ws/log) by extension 'ignore'
[0.381s] Level 1:colcon.colcon_core.package_identification:_identify(/home/tarun/lmas_ws/log) ignored
[0.381s] Level 1:colcon.colcon_core.package_identification:_identify(/home/tarun/lmas_ws/src) by extensions ['ignore', 'ignore_ament_install']
[0.381s] Level 1:colcon.colcon_core.package_identification:_identify(/home/tarun/lmas_ws/src) by extension 'ignore'
[0.381s] Level 1:colcon.colcon_core.package_identification:_identify(/home/tarun/lmas_ws/src) by extension 'ignore_ament_install'
[0.381s] Level 1:colcon.colcon_core.package_identification:_identify(/home/tarun/lmas_ws/src) by extensions ['colcon_pkg']
[0.381s] Level 1:colcon.colcon_core.package_identification:_identify(/home/tarun/lmas_ws/src) by extension 'colcon_pkg'
[0.381s] Level 1:colcon.colcon_core.package_identification:_identify(/home/tarun/lmas_ws/src) by extensions ['colcon_meta']
[0.381s] Level 1:colcon.colcon_core.package_identification:_identify(/home/tarun/lmas_ws/src) by extension 'colcon_meta'
[0.382s] Level 1:colcon.colcon_core.package_identification:_identify(/home/tarun/lmas_ws/src) by extensions ['ros']
[0.382s] Level 1:colcon.colcon_core.package_identification:_identify(/home/tarun/lmas_ws/src) by extension 'ros'
[0.382s] Level 1:colcon.colcon_core.package_identification:_identify(/home/tarun/lmas_ws/src) by extensions ['cmake', 'python']
[0.382s] Level 1:colcon.colcon_core.package_identification:_identify(/home/tarun/lmas_ws/src) by extension 'cmake'
[0.382s] Level 1:colcon.colcon_core.package_identification:_identify(/home/tarun/lmas_ws/src) by extension 'python'
[0.382s] Level 1:colcon.colcon_core.package_identification:_identify(/home/tarun/lmas_ws/src) by extensions ['python_setup_py']
[0.382s] Level 1:colcon.colcon_core.package_identification:_identify(/home/tarun/lmas_ws/src) by extension 'python_setup_py'
[0.382s] Level 1:colcon.colcon_core.package_identification:_identify(/home/tarun/lmas_ws/src/JS_tt) by extensions ['ignore', 'ignore_ament_install']
[0.382s] Level 1:colcon.colcon_core.package_identification:_identify(/home/tarun/lmas_ws/src/JS_tt) by extension 'ignore'
[0.382s] Level 1:colcon.colcon_core.package_identification:_identify(/home/tarun/lmas_ws/src/JS_tt) by extension 'ignore_ament_install'
[0.382s] Level 1:colcon.colcon_core.package_identification:_identify(/home/tarun/lmas_ws/src/JS_tt) by extensions ['colcon_pkg']
[0.382s] Level 1:colcon.colcon_core.package_identification:_identify(/home/tarun/lmas_ws/src/JS_tt) by extension 'colcon_pkg'
[0.383s] Level 1:colcon.colcon_core.package_identification:_identify(/home/tarun/lmas_ws/src/JS_tt) by extensions ['colcon_meta']
[0.383s] Level 1:colcon.colcon_core.package_identification:_identify(/home/tarun/lmas_ws/src/JS_tt) by extension 'colcon_meta'
[0.383s] Level 1:colcon.colcon_core.package_identification:_identify(/home/tarun/lmas_ws/src/JS_tt) by extensions ['ros']
[0.383s] Level 1:colcon.colcon_core.package_identification:_identify(/home/tarun/lmas_ws/src/JS_tt) by extension 'ros'
[0.383s] Level 1:colcon.colcon_core.package_identification:_identify(/home/tarun/lmas_ws/src/JS_tt) by extensions ['cmake', 'python']
[0.383s] Level 1:colcon.colcon_core.package_identification:_identify(/home/tarun/lmas_ws/src/JS_tt) by extension 'cmake'
[0.383s] Level 1:colcon.colcon_core.package_identification:_identify(/home/tarun/lmas_ws/src/JS_tt) by extension 'python'
[0.383s] Level 1:colcon.colcon_core.package_identification:_identify(/home/tarun/lmas_ws/src/JS_tt) by extensions ['python_setup_py']
[0.383s] Level 1:colcon.colcon_core.package_identification:_identify(/home/tarun/lmas_ws/src/JS_tt) by extension 'python_setup_py'
[0.383s] Level 1:colcon.colcon_core.package_identification:_identify(/home/tarun/lmas_ws/src/JS_tt/JobShopGA) by extensions ['ignore', 'ignore_ament_install']
[0.383s] Level 1:colcon.colcon_core.package_identification:_identify(/home/tarun/lmas_ws/src/JS_tt/JobShopGA) by extension 'ignore'
[0.383s] Level 1:colcon.colcon_core.package_identification:_identify(/home/tarun/lmas_ws/src/JS_tt/JobShopGA) by extension 'ignore_ament_install'
[0.383s] Level 1:colcon.colcon_core.package_identification:_identify(/home/tarun/lmas_ws/src/JS_tt/JobShopGA) by extensions ['colcon_pkg']
[0.383s] Level 1:colcon.colcon_core.package_identification:_identify(/home/tarun/lmas_ws/src/JS_tt/JobShopGA) by extension 'colcon_pkg'
[0.384s] Level 1:colcon.colcon_core.package_identification:_identify(/home/tarun/lmas_ws/src/JS_tt/JobShopGA) by extensions ['colcon_meta']
[0.384s] Level 1:colcon.colcon_core.package_identification:_identify(/home/tarun/lmas_ws/src/JS_tt/JobShopGA) by extension 'colcon_meta'
[0.384s] Level 1:colcon.colcon_core.package_identification:_identify(/home/tarun/lmas_ws/src/JS_tt/JobShopGA) by extensions ['ros']
[0.384s] Level 1:colcon.colcon_core.package_identification:_identify(/home/tarun/lmas_ws/src/JS_tt/JobShopGA) by extension 'ros'
[0.384s] Level 1:colcon.colcon_core.package_identification:_identify(/home/tarun/lmas_ws/src/JS_tt/JobShopGA) by extensions ['cmake', 'python']
[0.384s] Level 1:colcon.colcon_core.package_identification:_identify(/home/tarun/lmas_ws/src/JS_tt/JobShopGA) by extension 'cmake'
[0.384s] Level 1:colcon.colcon_core.package_identification:_identify(/home/tarun/lmas_ws/src/JS_tt/JobShopGA) by extension 'python'
[0.384s] Level 1:colcon.colcon_core.package_identification:_identify(/home/tarun/lmas_ws/src/JS_tt/JobShopGA) by extensions ['python_setup_py']
[0.384s] Level 1:colcon.colcon_core.package_identification:_identify(/home/tarun/lmas_ws/src/JS_tt/JobShopGA) by extension 'python_setup_py'
[0.384s] Level 1:colcon.colcon_core.package_identification:_identify(/home/tarun/lmas_ws/src/JobShopGA) by extensions ['ignore', 'ignore_ament_install']
[0.384s] Level 1:colcon.colcon_core.package_identification:_identify(/home/tarun/lmas_ws/src/JobShopGA) by extension 'ignore'
[0.385s] Level 1:colcon.colcon_core.package_identification:_identify(/home/tarun/lmas_ws/src/JobShopGA) by extension 'ignore_ament_install'
[0.385s] Level 1:colcon.colcon_core.package_identification:_identify(/home/tarun/lmas_ws/src/JobShopGA) by extensions ['colcon_pkg']
[0.385s] Level 1:colcon.colcon_core.package_identification:_identify(/home/tarun/lmas_ws/src/JobShopGA) by extension 'colcon_pkg'
[0.385s] Level 1:colcon.colcon_core.package_identification:_identify(/home/tarun/lmas_ws/src/JobShopGA) by extensions ['colcon_meta']
[0.385s] Level 1:colcon.colcon_core.package_identification:_identify(/home/tarun/lmas_ws/src/JobShopGA) by extension 'colcon_meta'
[0.385s] Level 1:colcon.colcon_core.package_identification:_identify(/home/tarun/lmas_ws/src/JobShopGA) by extensions ['ros']
[0.385s] Level 1:colcon.colcon_core.package_identification:_identify(/home/tarun/lmas_ws/src/JobShopGA) by extension 'ros'
[0.385s] Level 1:colcon.colcon_core.package_identification:_identify(/home/tarun/lmas_ws/src/JobShopGA) by extensions ['cmake', 'python']
[0.385s] Level 1:colcon.colcon_core.package_identification:_identify(/home/tarun/lmas_ws/src/JobShopGA) by extension 'cmake'
[0.385s] Level 1:colcon.colcon_core.package_identification:_identify(/home/tarun/lmas_ws/src/JobShopGA) by extension 'python'
[0.385s] Level 1:colcon.colcon_core.package_identification:_identify(/home/tarun/lmas_ws/src/JobShopGA) by extensions ['python_setup_py']
[0.385s] Level 1:colcon.colcon_core.package_identification:_identify(/home/tarun/lmas_ws/src/JobShopGA) by extension 'python_setup_py'
[0.385s] Level 1:colcon.colcon_core.package_identification:_identify(/home/tarun/lmas_ws/src/JobShopGA/Results) by extensions ['ignore', 'ignore_ament_install']
[0.386s] Level 1:colcon.colcon_core.package_identification:_identify(/home/tarun/lmas_ws/src/JobShopGA/Results) by extension 'ignore'
[0.386s] Level 1:colcon.colcon_core.package_identification:_identify(/home/tarun/lmas_ws/src/JobShopGA/Results) by extension 'ignore_ament_install'
[0.386s] Level 1:colcon.colcon_core.package_identification:_identify(/home/tarun/lmas_ws/src/JobShopGA/Results) by extensions ['colcon_pkg']
[0.386s] Level 1:colcon.colcon_core.package_identification:_identify(/home/tarun/lmas_ws/src/JobShopGA/Results) by extension 'colcon_pkg'
[0.386s] Level 1:colcon.colcon_core.package_identification:_identify(/home/tarun/lmas_ws/src/JobShopGA/Results) by extensions ['colcon_meta']
[0.386s] Level 1:colcon.colcon_core.package_identification:_identify(/home/tarun/lmas_ws/src/JobShopGA/Results) by extension 'colcon_meta'
[0.386s] Level 1:colcon.colcon_core.package_identification:_identify(/home/tarun/lmas_ws/src/JobShopGA/Results) by extensions ['ros']
[0.386s] Level 1:colcon.colcon_core.package_identification:_identify(/home/tarun/lmas_ws/src/JobShopGA/Results) by extension 'ros'
[0.386s] Level 1:colcon.colcon_core.package_identification:_identify(/home/tarun/lmas_ws/src/JobShopGA/Results) by extensions ['cmake', 'python']
[0.386s] Level 1:colcon.colcon_core.package_identification:_identify(/home/tarun/lmas_ws/src/JobShopGA/Results) by extension 'cmake'
[0.386s] Level 1:colcon.colcon_core.package_identification:_identify(/home/tarun/lmas_ws/src/JobShopGA/Results) by extension 'python'
[0.386s] Level 1:colcon.colcon_core.package_identification:_identify(/home/tarun/lmas_ws/src/JobShopGA/Results) by extensions ['python_setup_py']
[0.386s] Level 1:colcon.colcon_core.package_identification:_identify(/home/tarun/lmas_ws/src/JobShopGA/Results) by extension 'python_setup_py'
[0.387s] Level 1:colcon.colcon_core.package_identification:_identify(/home/tarun/lmas_ws/src/JobShopGA/Results/ft06) by extensions ['ignore', 'ignore_ament_install']
[0.387s] Level 1:colcon.colcon_core.package_identification:_identify(/home/tarun/lmas_ws/src/JobShopGA/Results/ft06) by extension 'ignore'
[0.387s] Level 1:colcon.colcon_core.package_identification:_identify(/home/tarun/lmas_ws/src/JobShopGA/Results/ft06) by extension 'ignore_ament_install'
[0.387s] Level 1:colcon.colcon_core.package_identification:_identify(/home/tarun/lmas_ws/src/JobShopGA/Results/ft06) by extensions ['colcon_pkg']
[0.387s] Level 1:colcon.colcon_core.package_identification:_identify(/home/tarun/lmas_ws/src/JobShopGA/Results/ft06) by extension 'colcon_pkg'
[0.387s] Level 1:colcon.colcon_core.package_identification:_identify(/home/tarun/lmas_ws/src/JobShopGA/Results/ft06) by extensions ['colcon_meta']
[0.387s] Level 1:colcon.colcon_core.package_identification:_identify(/home/tarun/lmas_ws/src/JobShopGA/Results/ft06) by extension 'colcon_meta'
[0.387s] Level 1:colcon.colcon_core.package_identification:_identify(/home/tarun/lmas_ws/src/JobShopGA/Results/ft06) by extensions ['ros']
[0.387s] Level 1:colcon.colcon_core.package_identification:_identify(/home/tarun/lmas_ws/src/JobShopGA/Results/ft06) by extension 'ros'
[0.387s] Level 1:colcon.colcon_core.package_identification:_identify(/home/tarun/lmas_ws/src/JobShopGA/Results/ft06) by extensions ['cmake', 'python']
[0.387s] Level 1:colcon.colcon_core.package_identification:_identify(/home/tarun/lmas_ws/src/JobShopGA/Results/ft06) by extension 'cmake'
[0.387s] Level 1:colcon.colcon_core.package_identification:_identify(/home/tarun/lmas_ws/src/JobShopGA/Results/ft06) by extension 'python'
[0.387s] Level 1:colcon.colcon_core.package_identification:_identify(/home/tarun/lmas_ws/src/JobShopGA/Results/ft06) by extensions ['python_setup_py']
[0.387s] Level 1:colcon.colcon_core.package_identification:_identify(/home/tarun/lmas_ws/src/JobShopGA/Results/ft06) by extension 'python_setup_py'
[0.388s] Level 1:colcon.colcon_core.package_identification:_identify(/home/tarun/lmas_ws/src/JobShopGA/Results/la01) by extensions ['ignore', 'ignore_ament_install']
[0.388s] Level 1:colcon.colcon_core.package_identification:_identify(/home/tarun/lmas_ws/src/JobShopGA/Results/la01) by extension 'ignore'
[0.388s] Level 1:colcon.colcon_core.package_identification:_identify(/home/tarun/lmas_ws/src/JobShopGA/Results/la01) by extension 'ignore_ament_install'
[0.388s] Level 1:colcon.colcon_core.package_identification:_identify(/home/tarun/lmas_ws/src/JobShopGA/Results/la01) by extensions ['colcon_pkg']
[0.388s] Level 1:colcon.colcon_core.package_identification:_identify(/home/tarun/lmas_ws/src/JobShopGA/Results/la01) by extension 'colcon_pkg'
[0.388s] Level 1:colcon.colcon_core.package_identification:_identify(/home/tarun/lmas_ws/src/JobShopGA/Results/la01) by extensions ['colcon_meta']
[0.388s] Level 1:colcon.colcon_core.package_identification:_identify(/home/tarun/lmas_ws/src/JobShopGA/Results/la01) by extension 'colcon_meta'
[0.388s] Level 1:colcon.colcon_core.package_identification:_identify(/home/tarun/lmas_ws/src/JobShopGA/Results/la01) by extensions ['ros']
[0.388s] Level 1:colcon.colcon_core.package_identification:_identify(/home/tarun/lmas_ws/src/JobShopGA/Results/la01) by extension 'ros'
[0.388s] Level 1:colcon.colcon_core.package_identification:_identify(/home/tarun/lmas_ws/src/JobShopGA/Results/la01) by extensions ['cmake', 'python']
[0.388s] Level 1:colcon.colcon_core.package_identification:_identify(/home/tarun/lmas_ws/src/JobShopGA/Results/la01) by extension 'cmake'
[0.388s] Level 1:colcon.colcon_core.package_identification:_identify(/home/tarun/lmas_ws/src/JobShopGA/Results/la01) by extension 'python'
[0.389s] Level 1:colcon.colcon_core.package_identification:_identify(/home/tarun/lmas_ws/src/JobShopGA/Results/la01) by extensions ['python_setup_py']
[0.389s] Level 1:colcon.colcon_core.package_identification:_identify(/home/tarun/lmas_ws/src/JobShopGA/Results/la01) by extension 'python_setup_py'
[0.389s] Level 1:colcon.colcon_core.package_identification:_identify(/home/tarun/lmas_ws/src/JobShopGA/Results/la02) by extensions ['ignore', 'ignore_ament_install']
[0.389s] Level 1:colcon.colcon_core.package_identification:_identify(/home/tarun/lmas_ws/src/JobShopGA/Results/la02) by extension 'ignore'
[0.389s] Level 1:colcon.colcon_core.package_identification:_identify(/home/tarun/lmas_ws/src/JobShopGA/Results/la02) by extension 'ignore_ament_install'
[0.389s] Level 1:colcon.colcon_core.package_identification:_identify(/home/tarun/lmas_ws/src/JobShopGA/Results/la02) by extensions ['colcon_pkg']
[0.389s] Level 1:colcon.colcon_core.package_identification:_identify(/home/tarun/lmas_ws/src/JobShopGA/Results/la02) by extension 'colcon_pkg'
[0.389s] Level 1:colcon.colcon_core.package_identification:_identify(/home/tarun/lmas_ws/src/JobShopGA/Results/la02) by extensions ['colcon_meta']
[0.389s] Level 1:colcon.colcon_core.package_identification:_identify(/home/tarun/lmas_ws/src/JobShopGA/Results/la02) by extension 'colcon_meta'
[0.389s] Level 1:colcon.colcon_core.package_identification:_identify(/home/tarun/lmas_ws/src/JobShopGA/Results/la02) by extensions ['ros']
[0.389s] Level 1:colcon.colcon_core.package_identification:_identify(/home/tarun/lmas_ws/src/JobShopGA/Results/la02) by extension 'ros'
[0.389s] Level 1:colcon.colcon_core.package_identification:_identify(/home/tarun/lmas_ws/src/JobShopGA/Results/la02) by extensions ['cmake', 'python']
[0.390s] Level 1:colcon.colcon_core.package_identification:_identify(/home/tarun/lmas_ws/src/JobShopGA/Results/la02) by extension 'cmake'
[0.390s] Level 1:colcon.colcon_core.package_identification:_identify(/home/tarun/lmas_ws/src/JobShopGA/Results/la02) by extension 'python'
[0.390s] Level 1:colcon.colcon_core.package_identification:_identify(/home/tarun/lmas_ws/src/JobShopGA/Results/la02) by extensions ['python_setup_py']
[0.390s] Level 1:colcon.colcon_core.package_identification:_identify(/home/tarun/lmas_ws/src/JobShopGA/Results/la02) by extension 'python_setup_py'
[0.390s] Level 1:colcon.colcon_core.package_identification:_identify(/home/tarun/lmas_ws/src/JobShopGA/Results/la03) by extensions ['ignore', 'ignore_ament_install']
[0.390s] Level 1:colcon.colcon_core.package_identification:_identify(/home/tarun/lmas_ws/src/JobShopGA/Results/la03) by extension 'ignore'
[0.390s] Level 1:colcon.colcon_core.package_identification:_identify(/home/tarun/lmas_ws/src/JobShopGA/Results/la03) by extension 'ignore_ament_install'
[0.390s] Level 1:colcon.colcon_core.package_identification:_identify(/home/tarun/lmas_ws/src/JobShopGA/Results/la03) by extensions ['colcon_pkg']
[0.390s] Level 1:colcon.colcon_core.package_identification:_identify(/home/tarun/lmas_ws/src/JobShopGA/Results/la03) by extension 'colcon_pkg'
[0.390s] Level 1:colcon.colcon_core.package_identification:_identify(/home/tarun/lmas_ws/src/JobShopGA/Results/la03) by extensions ['colcon_meta']
[0.390s] Level 1:colcon.colcon_core.package_identification:_identify(/home/tarun/lmas_ws/src/JobShopGA/Results/la03) by extension 'colcon_meta'
[0.390s] Level 1:colcon.colcon_core.package_identification:_identify(/home/tarun/lmas_ws/src/JobShopGA/Results/la03) by extensions ['ros']
[0.390s] Level 1:colcon.colcon_core.package_identification:_identify(/home/tarun/lmas_ws/src/JobShopGA/Results/la03) by extension 'ros'
[0.391s] Level 1:colcon.colcon_core.package_identification:_identify(/home/tarun/lmas_ws/src/JobShopGA/Results/la03) by extensions ['cmake', 'python']
[0.391s] Level 1:colcon.colcon_core.package_identification:_identify(/home/tarun/lmas_ws/src/JobShopGA/Results/la03) by extension 'cmake'
[0.391s] Level 1:colcon.colcon_core.package_identification:_identify(/home/tarun/lmas_ws/src/JobShopGA/Results/la03) by extension 'python'
[0.391s] Level 1:colcon.colcon_core.package_identification:_identify(/home/tarun/lmas_ws/src/JobShopGA/Results/la03) by extensions ['python_setup_py']
[0.391s] Level 1:colcon.colcon_core.package_identification:_identify(/home/tarun/lmas_ws/src/JobShopGA/Results/la03) by extension 'python_setup_py'
[0.391s] Level 1:colcon.colcon_core.package_identification:_identify(/home/tarun/lmas_ws/src/JobShopGA/Results/la04) by extensions ['ignore', 'ignore_ament_install']
[0.391s] Level 1:colcon.colcon_core.package_identification:_identify(/home/tarun/lmas_ws/src/JobShopGA/Results/la04) by extension 'ignore'
[0.391s] Level 1:colcon.colcon_core.package_identification:_identify(/home/tarun/lmas_ws/src/JobShopGA/Results/la04) by extension 'ignore_ament_install'
[0.391s] Level 1:colcon.colcon_core.package_identification:_identify(/home/tarun/lmas_ws/src/JobShopGA/Results/la04) by extensions ['colcon_pkg']
[0.391s] Level 1:colcon.colcon_core.package_identification:_identify(/home/tarun/lmas_ws/src/JobShopGA/Results/la04) by extension 'colcon_pkg'
[0.391s] Level 1:colcon.colcon_core.package_identification:_identify(/home/tarun/lmas_ws/src/JobShopGA/Results/la04) by extensions ['colcon_meta']
[0.391s] Level 1:colcon.colcon_core.package_identification:_identify(/home/tarun/lmas_ws/src/JobShopGA/Results/la04) by extension 'colcon_meta'
[0.391s] Level 1:colcon.colcon_core.package_identification:_identify(/home/tarun/lmas_ws/src/JobShopGA/Results/la04) by extensions ['ros']
[0.392s] Level 1:colcon.colcon_core.package_identification:_identify(/home/tarun/lmas_ws/src/JobShopGA/Results/la04) by extension 'ros'
[0.392s] Level 1:colcon.colcon_core.package_identification:_identify(/home/tarun/lmas_ws/src/JobShopGA/Results/la04) by extensions ['cmake', 'python']
[0.392s] Level 1:colcon.colcon_core.package_identification:_identify(/home/tarun/lmas_ws/src/JobShopGA/Results/la04) by extension 'cmake'
[0.392s] Level 1:colcon.colcon_core.package_identification:_identify(/home/tarun/lmas_ws/src/JobShopGA/Results/la04) by extension 'python'
[0.392s] Level 1:colcon.colcon_core.package_identification:_identify(/home/tarun/lmas_ws/src/JobShopGA/Results/la04) by extensions ['python_setup_py']
[0.392s] Level 1:colcon.colcon_core.package_identification:_identify(/home/tarun/lmas_ws/src/JobShopGA/Results/la04) by extension 'python_setup_py'
[0.392s] Level 1:colcon.colcon_core.package_identification:_identify(/home/tarun/lmas_ws/src/JobShopGA/Results/la05) by extensions ['ignore', 'ignore_ament_install']
[0.392s] Level 1:colcon.colcon_core.package_identification:_identify(/home/tarun/lmas_ws/src/JobShopGA/Results/la05) by extension 'ignore'
[0.392s] Level 1:colcon.colcon_core.package_identification:_identify(/home/tarun/lmas_ws/src/JobShopGA/Results/la05) by extension 'ignore_ament_install'
[0.392s] Level 1:colcon.colcon_core.package_identification:_identify(/home/tarun/lmas_ws/src/JobShopGA/Results/la05) by extensions ['colcon_pkg']
[0.392s] Level 1:colcon.colcon_core.package_identification:_identify(/home/tarun/lmas_ws/src/JobShopGA/Results/la05) by extension 'colcon_pkg'
[0.392s] Level 1:colcon.colcon_core.package_identification:_identify(/home/tarun/lmas_ws/src/JobShopGA/Results/la05) by extensions ['colcon_meta']
[0.392s] Level 1:colcon.colcon_core.package_identification:_identify(/home/tarun/lmas_ws/src/JobShopGA/Results/la05) by extension 'colcon_meta'
[0.393s] Level 1:colcon.colcon_core.package_identification:_identify(/home/tarun/lmas_ws/src/JobShopGA/Results/la05) by extensions ['ros']
[0.393s] Level 1:colcon.colcon_core.package_identification:_identify(/home/tarun/lmas_ws/src/JobShopGA/Results/la05) by extension 'ros'
[0.393s] Level 1:colcon.colcon_core.package_identification:_identify(/home/tarun/lmas_ws/src/JobShopGA/Results/la05) by extensions ['cmake', 'python']
[0.393s] Level 1:colcon.colcon_core.package_identification:_identify(/home/tarun/lmas_ws/src/JobShopGA/Results/la05) by extension 'cmake'
[0.393s] Level 1:colcon.colcon_core.package_identification:_identify(/home/tarun/lmas_ws/src/JobShopGA/Results/la05) by extension 'python'
[0.393s] Level 1:colcon.colcon_core.package_identification:_identify(/home/tarun/lmas_ws/src/JobShopGA/Results/la05) by extensions ['python_setup_py']
[0.393s] Level 1:colcon.colcon_core.package_identification:_identify(/home/tarun/lmas_ws/src/JobShopGA/Results/la05) by extension 'python_setup_py'
[0.393s] Level 1:colcon.colcon_core.package_identification:_identify(/home/tarun/lmas_ws/src/JobShopGA/__pycache__) by extensions ['ignore', 'ignore_ament_install']
[0.393s] Level 1:colcon.colcon_core.package_identification:_identify(/home/tarun/lmas_ws/src/JobShopGA/__pycache__) by extension 'ignore'
[0.393s] Level 1:colcon.colcon_core.package_identification:_identify(/home/tarun/lmas_ws/src/JobShopGA/__pycache__) by extension 'ignore_ament_install'
[0.393s] Level 1:colcon.colcon_core.package_identification:_identify(/home/tarun/lmas_ws/src/JobShopGA/__pycache__) by extensions ['colcon_pkg']
[0.393s] Level 1:colcon.colcon_core.package_identification:_identify(/home/tarun/lmas_ws/src/JobShopGA/__pycache__) by extension 'colcon_pkg'
[0.393s] Level 1:colcon.colcon_core.package_identification:_identify(/home/tarun/lmas_ws/src/JobShopGA/__pycache__) by extensions ['colcon_meta']
[0.394s] Level 1:colcon.colcon_core.package_identification:_identify(/home/tarun/lmas_ws/src/JobShopGA/__pycache__) by extension 'colcon_meta'
[0.394s] Level 1:colcon.colcon_core.package_identification:_identify(/home/tarun/lmas_ws/src/JobShopGA/__pycache__) by extensions ['ros']
[0.394s] Level 1:colcon.colcon_core.package_identification:_identify(/home/tarun/lmas_ws/src/JobShopGA/__pycache__) by extension 'ros'
[0.394s] Level 1:colcon.colcon_core.package_identification:_identify(/home/tarun/lmas_ws/src/JobShopGA/__pycache__) by extensions ['cmake', 'python']
[0.394s] Level 1:colcon.colcon_core.package_identification:_identify(/home/tarun/lmas_ws/src/JobShopGA/__pycache__) by extension 'cmake'
[0.394s] Level 1:colcon.colcon_core.package_identification:_identify(/home/tarun/lmas_ws/src/JobShopGA/__pycache__) by extension 'python'
[0.394s] Level 1:colcon.colcon_core.package_identification:_identify(/home/tarun/lmas_ws/src/JobShopGA/__pycache__) by extensions ['python_setup_py']
[0.394s] Level 1:colcon.colcon_core.package_identification:_identify(/home/tarun/lmas_ws/src/JobShopGA/__pycache__) by extension 'python_setup_py'
[0.394s] Level 1:colcon.colcon_core.package_identification:_identify(/home/tarun/lmas_ws/src/autobot) by extensions ['ignore', 'ignore_ament_install']
[0.394s] Level 1:colcon.colcon_core.package_identification:_identify(/home/tarun/lmas_ws/src/autobot) by extension 'ignore'
[0.394s] Level 1:colcon.colcon_core.package_identification:_identify(/home/tarun/lmas_ws/src/autobot) by extension 'ignore_ament_install'
[0.394s] Level 1:colcon.colcon_core.package_identification:_identify(/home/tarun/lmas_ws/src/autobot) by extensions ['colcon_pkg']
[0.394s] Level 1:colcon.colcon_core.package_identification:_identify(/home/tarun/lmas_ws/src/autobot) by extension 'colcon_pkg'
[0.394s] Level 1:colcon.colcon_core.package_identification:_identify(/home/tarun/lmas_ws/src/autobot) by extensions ['colcon_meta']
[0.395s] Level 1:colcon.colcon_core.package_identification:_identify(/home/tarun/lmas_ws/src/autobot) by extension 'colcon_meta'
[0.395s] Level 1:colcon.colcon_core.package_identification:_identify(/home/tarun/lmas_ws/src/autobot) by extensions ['ros']
[0.395s] Level 1:colcon.colcon_core.package_identification:_identify(/home/tarun/lmas_ws/src/autobot) by extension 'ros'
[0.398s] DEBUG:colcon.colcon_core.package_identification:Package '/home/tarun/lmas_ws/src/autobot' with type 'ros.ament_cmake' and name 'autobot'
[0.398s] Level 1:colcon.colcon_core.package_identification:_identify(/home/tarun/lmas_ws/src/ball_tracker) by extensions ['ignore', 'ignore_ament_install']
[0.399s] Level 1:colcon.colcon_core.package_identification:_identify(/home/tarun/lmas_ws/src/ball_tracker) by extension 'ignore'
[0.399s] Level 1:colcon.colcon_core.package_identification:_identify(/home/tarun/lmas_ws/src/ball_tracker) by extension 'ignore_ament_install'
[0.399s] Level 1:colcon.colcon_core.package_identification:_identify(/home/tarun/lmas_ws/src/ball_tracker) by extensions ['colcon_pkg']
[0.399s] Level 1:colcon.colcon_core.package_identification:_identify(/home/tarun/lmas_ws/src/ball_tracker) by extension 'colcon_pkg'
[0.399s] Level 1:colcon.colcon_core.package_identification:_identify(/home/tarun/lmas_ws/src/ball_tracker) by extensions ['colcon_meta']
[0.399s] Level 1:colcon.colcon_core.package_identification:_identify(/home/tarun/lmas_ws/src/ball_tracker) by extension 'colcon_meta'
[0.399s] Level 1:colcon.colcon_core.package_identification:_identify(/home/tarun/lmas_ws/src/ball_tracker) by extensions ['ros']
[0.399s] Level 1:colcon.colcon_core.package_identification:_identify(/home/tarun/lmas_ws/src/ball_tracker) by extension 'ros'
[0.401s] DEBUG:colcon.colcon_core.package_identification:Package '/home/tarun/lmas_ws/src/ball_tracker' with type 'ros.ament_python' and name 'ball_tracker'
[0.401s] Level 1:colcon.colcon_core.package_identification:_identify(/home/tarun/lmas_ws/src/follow_waypoints) by extensions ['ignore', 'ignore_ament_install']
[0.401s] Level 1:colcon.colcon_core.package_identification:_identify(/home/tarun/lmas_ws/src/follow_waypoints) by extension 'ignore'
[0.402s] Level 1:colcon.colcon_core.package_identification:_identify(/home/tarun/lmas_ws/src/follow_waypoints) by extension 'ignore_ament_install'
[0.402s] Level 1:colcon.colcon_core.package_identification:_identify(/home/tarun/lmas_ws/src/follow_waypoints) by extensions ['colcon_pkg']
[0.402s] Level 1:colcon.colcon_core.package_identification:_identify(/home/tarun/lmas_ws/src/follow_waypoints) by extension 'colcon_pkg'
[0.402s] Level 1:colcon.colcon_core.package_identification:_identify(/home/tarun/lmas_ws/src/follow_waypoints) by extensions ['colcon_meta']
[0.402s] Level 1:colcon.colcon_core.package_identification:_identify(/home/tarun/lmas_ws/src/follow_waypoints) by extension 'colcon_meta'
[0.402s] Level 1:colcon.colcon_core.package_identification:_identify(/home/tarun/lmas_ws/src/follow_waypoints) by extensions ['ros']
[0.402s] Level 1:colcon.colcon_core.package_identification:_identify(/home/tarun/lmas_ws/src/follow_waypoints) by extension 'ros'
[0.403s] DEBUG:colcon.colcon_core.package_identification:Package '/home/tarun/lmas_ws/src/follow_waypoints' with type 'ros.ament_python' and name 'follow_waypoints'
[0.403s] Level 1:colcon.colcon_core.package_discovery:discover_packages(recursive) using defaults
