[0.689s] Invoking command in '/home/tarun/lmas_ws/build/ball_tracker': PYTHONPATH=/home/tarun/lmas_ws/build/ball_tracker/prefix_override:/usr/lib/python3/dist-packages/colcon_core/task/python/colcon_distutils_commands:/home/tarun/lmas_ws/install/ball_tracker/lib/python3.10/site-packages:${PYTHONPATH} /usr/bin/python3 -W ignore:setup.py install is deprecated setup.py develop --editable --build-directory /home/tarun/lmas_ws/build/ball_tracker/build --no-deps symlink_data --force
[0.866s] /usr/lib/python3/dist-packages/setuptools/dist.py:723: UserWarning: Usage of dash-separated 'script-dir' will not be supported in future versions. Please use the underscore name 'script_dir' instead
[0.866s]   warnings.warn(
[0.887s] running develop
[0.888s] /usr/lib/python3/dist-packages/setuptools/command/easy_install.py:158: EasyInstallDeprecationWarning: easy_install command is deprecated. Use build and pip and other standards-based tools.
[0.888s]   warnings.warn(
[1.014s] running egg_info
[1.014s] writing ball_tracker.egg-info/PKG-INFO
[1.014s] writing dependency_links to ball_tracker.egg-info/dependency_links.txt
[1.014s] writing entry points to ball_tracker.egg-info/entry_points.txt
[1.014s] writing requirements to ball_tracker.egg-info/requires.txt
[1.014s] writing top-level names to ball_tracker.egg-info/top_level.txt
[1.016s] reading manifest file 'ball_tracker.egg-info/SOURCES.txt'
[1.017s] writing manifest file 'ball_tracker.egg-info/SOURCES.txt'
[1.018s] running build_ext
[1.018s] Creating /home/tarun/lmas_ws/install/ball_tracker/lib/python3.10/site-packages/ball-tracker.egg-link (link to .)
[1.019s] Installing detect_ball script to /home/tarun/lmas_ws/install/ball_tracker/lib/ball_tracker
[1.019s] Installing detect_ball_3d script to /home/tarun/lmas_ws/install/ball_tracker/lib/ball_tracker
[1.019s] Installing detect_robot_exe script to /home/tarun/lmas_ws/install/ball_tracker/lib/ball_tracker
[1.019s] Installing follow_ball script to /home/tarun/lmas_ws/install/ball_tracker/lib/ball_tracker
[1.019s] 
[1.019s] Installed /home/tarun/lmas_ws/build/ball_tracker
[1.020s] running symlink_data
[1.020s] symbolically linking /home/tarun/lmas_ws/build/ball_tracker/resource/ball_tracker -> /home/tarun/lmas_ws/install/ball_tracker/share/ament_index/resource_index/packages
[1.020s] symbolically linking /home/tarun/lmas_ws/build/ball_tracker/package.xml -> /home/tarun/lmas_ws/install/ball_tracker/share/ball_tracker
[1.020s] symbolically linking /home/tarun/lmas_ws/build/ball_tracker/launch/example_launch_include.launch.py -> /home/tarun/lmas_ws/install/ball_tracker/share/ball_tracker/launch
[1.020s] symbolically linking /home/tarun/lmas_ws/build/ball_tracker/launch/detect_robot_launch.py -> /home/tarun/lmas_ws/install/ball_tracker/share/ball_tracker/launch
[1.020s] symbolically linking /home/tarun/lmas_ws/build/ball_tracker/launch/ball_tracker.launch.py -> /home/tarun/lmas_ws/install/ball_tracker/share/ball_tracker/launch
[1.020s] symbolically linking /home/tarun/lmas_ws/build/ball_tracker/config/ball_tracker_params_example.yaml -> /home/tarun/lmas_ws/install/ball_tracker/share/ball_tracker/config
[1.056s] Invoked command in '/home/tarun/lmas_ws/build/ball_tracker' returned '0': PYTHONPATH=/home/tarun/lmas_ws/build/ball_tracker/prefix_override:/usr/lib/python3/dist-packages/colcon_core/task/python/colcon_distutils_commands:/home/tarun/lmas_ws/install/ball_tracker/lib/python3.10/site-packages:${PYTHONPATH} /usr/bin/python3 -W ignore:setup.py install is deprecated setup.py develop --editable --build-directory /home/tarun/lmas_ws/build/ball_tracker/build --no-deps symlink_data --force
