[0.647s] Invoking command in '/home/tarun/lmas_ws/src/ball_tracker': PYTHONPATH=/home/tarun/lmas_ws/build/ball_tracker/prefix_override:/usr/lib/python3/dist-packages/colcon_core/task/python/colcon_distutils_commands:/home/tarun/lmas_ws/install/ball_tracker/lib/python3.10/site-packages:${PYTHONPATH} /usr/bin/python3 -W ignore:setup.py install is deprecated setup.py egg_info --egg-base ../../build/ball_tracker build --build-base /home/tarun/lmas_ws/build/ball_tracker/build install --record /home/tarun/lmas_ws/build/ball_tracker/install.log --install-scripts $base/lib/ball_tracker --single-version-externally-managed install_data
[0.811s] /usr/lib/python3/dist-packages/setuptools/dist.py:723: UserWarning: Usage of dash-separated 'script-dir' will not be supported in future versions. Please use the underscore name 'script_dir' instead
[0.811s]   warnings.warn(
[0.816s] running egg_info
[0.817s] creating ../../build/ball_tracker/ball_tracker.egg-info
[0.817s] writing ../../build/ball_tracker/ball_tracker.egg-info/PKG-INFO
[0.817s] writing dependency_links to ../../build/ball_tracker/ball_tracker.egg-info/dependency_links.txt
[0.817s] writing entry points to ../../build/ball_tracker/ball_tracker.egg-info/entry_points.txt
[0.817s] writing requirements to ../../build/ball_tracker/ball_tracker.egg-info/requires.txt
[0.817s] writing top-level names to ../../build/ball_tracker/ball_tracker.egg-info/top_level.txt
[0.817s] writing manifest file '../../build/ball_tracker/ball_tracker.egg-info/SOURCES.txt'
[0.818s] reading manifest file '../../build/ball_tracker/ball_tracker.egg-info/SOURCES.txt'
[0.819s] writing manifest file '../../build/ball_tracker/ball_tracker.egg-info/SOURCES.txt'
[0.819s] running build
[0.819s] running build_py
[0.819s] creating /home/tarun/lmas_ws/build/ball_tracker/build
[0.819s] creating /home/tarun/lmas_ws/build/ball_tracker/build/lib
[0.819s] creating /home/tarun/lmas_ws/build/ball_tracker/build/lib/ball_tracker
[0.819s] copying ball_tracker/process_image.py -> /home/tarun/lmas_ws/build/ball_tracker/build/lib/ball_tracker
[0.819s] copying ball_tracker/detect_ball_3d.py -> /home/tarun/lmas_ws/build/ball_tracker/build/lib/ball_tracker
[0.820s] copying ball_tracker/follow_ball.py -> /home/tarun/lmas_ws/build/ball_tracker/build/lib/ball_tracker
[0.820s] copying ball_tracker/detect_ball.py -> /home/tarun/lmas_ws/build/ball_tracker/build/lib/ball_tracker
[0.820s] copying ball_tracker/stop_behind_robot.py -> /home/tarun/lmas_ws/build/ball_tracker/build/lib/ball_tracker
[0.820s] copying ball_tracker/__init__.py -> /home/tarun/lmas_ws/build/ball_tracker/build/lib/ball_tracker
[0.820s] running install
[0.820s] running install_lib
[0.821s] creating /home/tarun/lmas_ws/install/ball_tracker/lib/python3.10/site-packages/ball_tracker
[0.821s] copying /home/tarun/lmas_ws/build/ball_tracker/build/lib/ball_tracker/process_image.py -> /home/tarun/lmas_ws/install/ball_tracker/lib/python3.10/site-packages/ball_tracker
[0.821s] copying /home/tarun/lmas_ws/build/ball_tracker/build/lib/ball_tracker/detect_ball_3d.py -> /home/tarun/lmas_ws/install/ball_tracker/lib/python3.10/site-packages/ball_tracker
[0.821s] copying /home/tarun/lmas_ws/build/ball_tracker/build/lib/ball_tracker/follow_ball.py -> /home/tarun/lmas_ws/install/ball_tracker/lib/python3.10/site-packages/ball_tracker
[0.821s] copying /home/tarun/lmas_ws/build/ball_tracker/build/lib/ball_tracker/detect_ball.py -> /home/tarun/lmas_ws/install/ball_tracker/lib/python3.10/site-packages/ball_tracker
[0.821s] copying /home/tarun/lmas_ws/build/ball_tracker/build/lib/ball_tracker/stop_behind_robot.py -> /home/tarun/lmas_ws/install/ball_tracker/lib/python3.10/site-packages/ball_tracker
[0.821s] copying /home/tarun/lmas_ws/build/ball_tracker/build/lib/ball_tracker/__init__.py -> /home/tarun/lmas_ws/install/ball_tracker/lib/python3.10/site-packages/ball_tracker
[0.821s] byte-compiling /home/tarun/lmas_ws/install/ball_tracker/lib/python3.10/site-packages/ball_tracker/process_image.py to process_image.cpython-310.pyc
[0.822s] byte-compiling /home/tarun/lmas_ws/install/ball_tracker/lib/python3.10/site-packages/ball_tracker/detect_ball_3d.py to detect_ball_3d.cpython-310.pyc
[0.823s] byte-compiling /home/tarun/lmas_ws/install/ball_tracker/lib/python3.10/site-packages/ball_tracker/follow_ball.py to follow_ball.cpython-310.pyc
[0.824s] byte-compiling /home/tarun/lmas_ws/install/ball_tracker/lib/python3.10/site-packages/ball_tracker/detect_ball.py to detect_ball.cpython-310.pyc
[0.824s] byte-compiling /home/tarun/lmas_ws/install/ball_tracker/lib/python3.10/site-packages/ball_tracker/stop_behind_robot.py to stop_behind_robot.cpython-310.pyc
[0.824s] byte-compiling /home/tarun/lmas_ws/install/ball_tracker/lib/python3.10/site-packages/ball_tracker/__init__.py to __init__.cpython-310.pyc
[0.824s] running install_data
[0.824s] creating /home/tarun/lmas_ws/install/ball_tracker/share/ament_index
[0.824s] creating /home/tarun/lmas_ws/install/ball_tracker/share/ament_index/resource_index
[0.824s] creating /home/tarun/lmas_ws/install/ball_tracker/share/ament_index/resource_index/packages
[0.825s] copying resource/ball_tracker -> /home/tarun/lmas_ws/install/ball_tracker/share/ament_index/resource_index/packages
[0.825s] copying package.xml -> /home/tarun/lmas_ws/install/ball_tracker/share/ball_tracker
[0.825s] creating /home/tarun/lmas_ws/install/ball_tracker/share/ball_tracker/launch
[0.825s] copying launch/example_launch_include.launch.py -> /home/tarun/lmas_ws/install/ball_tracker/share/ball_tracker/launch
[0.825s] copying launch/detect_robot_launch.py -> /home/tarun/lmas_ws/install/ball_tracker/share/ball_tracker/launch
[0.825s] copying launch/ball_tracker.launch.py -> /home/tarun/lmas_ws/install/ball_tracker/share/ball_tracker/launch
[0.825s] creating /home/tarun/lmas_ws/install/ball_tracker/share/ball_tracker/config
[0.825s] copying config/ball_tracker_params_example.yaml -> /home/tarun/lmas_ws/install/ball_tracker/share/ball_tracker/config
[0.825s] running install_egg_info
[0.826s] Copying ../../build/ball_tracker/ball_tracker.egg-info to /home/tarun/lmas_ws/install/ball_tracker/lib/python3.10/site-packages/ball_tracker-0.0.0-py3.10.egg-info
[0.827s] running install_scripts
[0.842s] Installing detect_ball script to /home/tarun/lmas_ws/install/ball_tracker/lib/ball_tracker
[0.842s] Installing detect_ball_3d script to /home/tarun/lmas_ws/install/ball_tracker/lib/ball_tracker
[0.842s] Installing detect_robot_exe script to /home/tarun/lmas_ws/install/ball_tracker/lib/ball_tracker
[0.842s] Installing follow_ball script to /home/tarun/lmas_ws/install/ball_tracker/lib/ball_tracker
[0.842s] writing list of installed files to '/home/tarun/lmas_ws/build/ball_tracker/install.log'
[0.866s] Invoked command in '/home/tarun/lmas_ws/src/ball_tracker' returned '0': PYTHONPATH=/home/tarun/lmas_ws/build/ball_tracker/prefix_override:/usr/lib/python3/dist-packages/colcon_core/task/python/colcon_distutils_commands:/home/tarun/lmas_ws/install/ball_tracker/lib/python3.10/site-packages:${PYTHONPATH} /usr/bin/python3 -W ignore:setup.py install is deprecated setup.py egg_info --egg-base ../../build/ball_tracker build --build-base /home/tarun/lmas_ws/build/ball_tracker/build install --record /home/tarun/lmas_ws/build/ball_tracker/install.log --install-scripts $base/lib/ball_tracker --single-version-externally-managed install_data
