[0.651s] Invoking command in '/home/tarun/lmas_ws/build/ball_tracker': PYTHONPATH=/home/tarun/lmas_ws/build/ball_tracker/prefix_override:/usr/lib/python3/dist-packages/colcon_core/task/python/colcon_distutils_commands:/home/tarun/lmas_ws/install/ball_tracker/lib/python3.10/site-packages:${PYTHONPATH} /usr/bin/python3 -W ignore:setup.py install is deprecated setup.py develop --uninstall --editable --build-directory /home/tarun/lmas_ws/build/ball_tracker/build
[0.820s] /usr/lib/python3/dist-packages/setuptools/dist.py:723: UserWarning: Usage of dash-separated 'script-dir' will not be supported in future versions. Please use the underscore name 'script_dir' instead
[0.820s]   warnings.warn(
[0.840s] running develop
[0.840s] /usr/lib/python3/dist-packages/setuptools/command/easy_install.py:158: EasyInstallDeprecationWarning: easy_install command is deprecated. Use build and pip and other standards-based tools.
[0.841s]   warnings.warn(
[0.965s] Removing /home/tarun/lmas_ws/install/ball_tracker/lib/python3.10/site-packages/ball-tracker.egg-link (link to .)
[0.991s] Invoked command in '/home/tarun/lmas_ws/build/ball_tracker' returned '0': PYTHONPATH=/home/tarun/lmas_ws/build/ball_tracker/prefix_override:/usr/lib/python3/dist-packages/colcon_core/task/python/colcon_distutils_commands:/home/tarun/lmas_ws/install/ball_tracker/lib/python3.10/site-packages:${PYTHONPATH} /usr/bin/python3 -W ignore:setup.py install is deprecated setup.py develop --uninstall --editable --build-directory /home/tarun/lmas_ws/build/ball_tracker/build
[0.992s] Invoking command in '/home/tarun/lmas_ws/src/ball_tracker': PYTHONPATH=/home/tarun/lmas_ws/build/ball_tracker/prefix_override:/usr/lib/python3/dist-packages/colcon_core/task/python/colcon_distutils_commands:/home/tarun/lmas_ws/install/ball_tracker/lib/python3.10/site-packages:${PYTHONPATH} /usr/bin/python3 -W ignore:setup.py install is deprecated setup.py egg_info --egg-base ../../build/ball_tracker build --build-base /home/tarun/lmas_ws/build/ball_tracker/build install --record /home/tarun/lmas_ws/build/ball_tracker/install.log --install-scripts $base/lib/ball_tracker --single-version-externally-managed install_data --force
[1.164s] /usr/lib/python3/dist-packages/setuptools/dist.py:723: UserWarning: Usage of dash-separated 'script-dir' will not be supported in future versions. Please use the underscore name 'script_dir' instead
[1.164s]   warnings.warn(
[1.169s] running egg_info
[1.170s] writing ../../build/ball_tracker/ball_tracker.egg-info/PKG-INFO
[1.170s] writing dependency_links to ../../build/ball_tracker/ball_tracker.egg-info/dependency_links.txt
[1.170s] writing entry points to ../../build/ball_tracker/ball_tracker.egg-info/entry_points.txt
[1.170s] writing requirements to ../../build/ball_tracker/ball_tracker.egg-info/requires.txt
[1.170s] writing top-level names to ../../build/ball_tracker/ball_tracker.egg-info/top_level.txt
[1.172s] reading manifest file '../../build/ball_tracker/ball_tracker.egg-info/SOURCES.txt'
[1.172s] writing manifest file '../../build/ball_tracker/ball_tracker.egg-info/SOURCES.txt'
[1.172s] running build
[1.172s] running build_py
[1.173s] running install
[1.173s] running install_lib
[1.173s] creating /home/tarun/lmas_ws/install/ball_tracker/lib/python3.10/site-packages/ball_tracker
[1.174s] copying /home/tarun/lmas_ws/build/ball_tracker/build/lib/ball_tracker/process_image.py -> /home/tarun/lmas_ws/install/ball_tracker/lib/python3.10/site-packages/ball_tracker
[1.174s] copying /home/tarun/lmas_ws/build/ball_tracker/build/lib/ball_tracker/detect_ball_3d.py -> /home/tarun/lmas_ws/install/ball_tracker/lib/python3.10/site-packages/ball_tracker
[1.174s] copying /home/tarun/lmas_ws/build/ball_tracker/build/lib/ball_tracker/follow_ball.py -> /home/tarun/lmas_ws/install/ball_tracker/lib/python3.10/site-packages/ball_tracker
[1.174s] copying /home/tarun/lmas_ws/build/ball_tracker/build/lib/ball_tracker/detect_ball.py -> /home/tarun/lmas_ws/install/ball_tracker/lib/python3.10/site-packages/ball_tracker
[1.174s] copying /home/tarun/lmas_ws/build/ball_tracker/build/lib/ball_tracker/stop_behind_robot.py -> /home/tarun/lmas_ws/install/ball_tracker/lib/python3.10/site-packages/ball_tracker
[1.174s] copying /home/tarun/lmas_ws/build/ball_tracker/build/lib/ball_tracker/__init__.py -> /home/tarun/lmas_ws/install/ball_tracker/lib/python3.10/site-packages/ball_tracker
[1.174s] byte-compiling /home/tarun/lmas_ws/install/ball_tracker/lib/python3.10/site-packages/ball_tracker/process_image.py to process_image.cpython-310.pyc
[1.175s] byte-compiling /home/tarun/lmas_ws/install/ball_tracker/lib/python3.10/site-packages/ball_tracker/detect_ball_3d.py to detect_ball_3d.cpython-310.pyc
[1.176s] byte-compiling /home/tarun/lmas_ws/install/ball_tracker/lib/python3.10/site-packages/ball_tracker/follow_ball.py to follow_ball.cpython-310.pyc
[1.176s] byte-compiling /home/tarun/lmas_ws/install/ball_tracker/lib/python3.10/site-packages/ball_tracker/detect_ball.py to detect_ball.cpython-310.pyc
[1.177s] byte-compiling /home/tarun/lmas_ws/install/ball_tracker/lib/python3.10/site-packages/ball_tracker/stop_behind_robot.py to stop_behind_robot.cpython-310.pyc
[1.177s] byte-compiling /home/tarun/lmas_ws/install/ball_tracker/lib/python3.10/site-packages/ball_tracker/__init__.py to __init__.cpython-310.pyc
[1.177s] running install_data
[1.177s] copying resource/ball_tracker -> /home/tarun/lmas_ws/install/ball_tracker/share/ament_index/resource_index/packages
[1.177s] copying package.xml -> /home/tarun/lmas_ws/install/ball_tracker/share/ball_tracker
[1.177s] copying launch/example_launch_include.launch.py -> /home/tarun/lmas_ws/install/ball_tracker/share/ball_tracker/launch
[1.178s] copying launch/detect_robot_launch.py -> /home/tarun/lmas_ws/install/ball_tracker/share/ball_tracker/launch
[1.178s] copying launch/ball_tracker.launch.py -> /home/tarun/lmas_ws/install/ball_tracker/share/ball_tracker/launch
[1.178s] copying config/ball_tracker_params_example.yaml -> /home/tarun/lmas_ws/install/ball_tracker/share/ball_tracker/config
[1.178s] running install_egg_info
[1.179s] Copying ../../build/ball_tracker/ball_tracker.egg-info to /home/tarun/lmas_ws/install/ball_tracker/lib/python3.10/site-packages/ball_tracker-0.0.0-py3.10.egg-info
[1.180s] running install_scripts
[1.195s] Installing detect_ball script to /home/tarun/lmas_ws/install/ball_tracker/lib/ball_tracker
[1.196s] Installing detect_ball_3d script to /home/tarun/lmas_ws/install/ball_tracker/lib/ball_tracker
[1.196s] Installing detect_robot_exe script to /home/tarun/lmas_ws/install/ball_tracker/lib/ball_tracker
[1.196s] Installing follow_ball script to /home/tarun/lmas_ws/install/ball_tracker/lib/ball_tracker
[1.196s] writing list of installed files to '/home/tarun/lmas_ws/build/ball_tracker/install.log'
[1.217s] Invoked command in '/home/tarun/lmas_ws/src/ball_tracker' returned '0': PYTHONPATH=/home/tarun/lmas_ws/build/ball_tracker/prefix_override:/usr/lib/python3/dist-packages/colcon_core/task/python/colcon_distutils_commands:/home/tarun/lmas_ws/install/ball_tracker/lib/python3.10/site-packages:${PYTHONPATH} /usr/bin/python3 -W ignore:setup.py install is deprecated setup.py egg_info --egg-base ../../build/ball_tracker build --build-base /home/tarun/lmas_ws/build/ball_tracker/build install --record /home/tarun/lmas_ws/build/ball_tracker/install.log --install-scripts $base/lib/ball_tracker --single-version-externally-managed install_data --force
