[0.648s] Invoking command in '/home/tarun/lmas_ws/build/follow_waypoints': PYTHONPATH=/home/tarun/lmas_ws/build/follow_waypoints/prefix_override:/usr/lib/python3/dist-packages/colcon_core/task/python/colcon_distutils_commands:/home/tarun/lmas_ws/install/follow_waypoints/lib/python3.10/site-packages:${PYTHONPATH} /usr/bin/python3 -W ignore:setup.py install is deprecated setup.py develop --uninstall --editable --build-directory /home/tarun/lmas_ws/build/follow_waypoints/build
[0.837s] running develop
[0.837s] /usr/lib/python3/dist-packages/setuptools/command/easy_install.py:158: EasyInstallDeprecationWarning: easy_install command is deprecated. Use build and pip and other standards-based tools.
[0.837s]   warnings.warn(
[0.963s] Removing /home/tarun/lmas_ws/install/follow_waypoints/lib/python3.10/site-packages/follow-waypoints.egg-link (link to .)
[0.989s] Invoked command in '/home/tarun/lmas_ws/build/follow_waypoints' returned '0': PYTHONPATH=/home/tarun/lmas_ws/build/follow_waypoints/prefix_override:/usr/lib/python3/dist-packages/colcon_core/task/python/colcon_distutils_commands:/home/tarun/lmas_ws/install/follow_waypoints/lib/python3.10/site-packages:${PYTHONPATH} /usr/bin/python3 -W ignore:setup.py install is deprecated setup.py develop --uninstall --editable --build-directory /home/tarun/lmas_ws/build/follow_waypoints/build
[0.990s] Invoking command in '/home/tarun/lmas_ws/src/follow_waypoints': PYTHONPATH=/home/tarun/lmas_ws/build/follow_waypoints/prefix_override:/usr/lib/python3/dist-packages/colcon_core/task/python/colcon_distutils_commands:/home/tarun/lmas_ws/install/follow_waypoints/lib/python3.10/site-packages:${PYTHONPATH} /usr/bin/python3 -W ignore:setup.py install is deprecated setup.py egg_info --egg-base ../../build/follow_waypoints build --build-base /home/tarun/lmas_ws/build/follow_waypoints/build install --record /home/tarun/lmas_ws/build/follow_waypoints/install.log --single-version-externally-managed install_data --force
[1.163s] running egg_info
[1.164s] writing ../../build/follow_waypoints/follow_waypoints.egg-info/PKG-INFO
[1.164s] writing dependency_links to ../../build/follow_waypoints/follow_waypoints.egg-info/dependency_links.txt
[1.164s] writing entry points to ../../build/follow_waypoints/follow_waypoints.egg-info/entry_points.txt
[1.164s] writing requirements to ../../build/follow_waypoints/follow_waypoints.egg-info/requires.txt
[1.164s] writing top-level names to ../../build/follow_waypoints/follow_waypoints.egg-info/top_level.txt
[1.165s] reading manifest file '../../build/follow_waypoints/follow_waypoints.egg-info/SOURCES.txt'
[1.166s] writing manifest file '../../build/follow_waypoints/follow_waypoints.egg-info/SOURCES.txt'
[1.166s] running build
[1.166s] running build_py
[1.167s] running install
[1.167s] running install_lib
[1.167s] creating /home/tarun/lmas_ws/install/follow_waypoints/lib/python3.10/site-packages/follow_waypoints
[1.167s] copying /home/tarun/lmas_ws/build/follow_waypoints/build/lib/follow_waypoints/follow_waypoints.py -> /home/tarun/lmas_ws/install/follow_waypoints/lib/python3.10/site-packages/follow_waypoints
[1.167s] copying /home/tarun/lmas_ws/build/follow_waypoints/build/lib/follow_waypoints/go_to_points.py -> /home/tarun/lmas_ws/install/follow_waypoints/lib/python3.10/site-packages/follow_waypoints
[1.167s] copying /home/tarun/lmas_ws/build/follow_waypoints/build/lib/follow_waypoints/__init__.py -> /home/tarun/lmas_ws/install/follow_waypoints/lib/python3.10/site-packages/follow_waypoints
[1.168s] byte-compiling /home/tarun/lmas_ws/install/follow_waypoints/lib/python3.10/site-packages/follow_waypoints/follow_waypoints.py to follow_waypoints.cpython-310.pyc
[1.168s] byte-compiling /home/tarun/lmas_ws/install/follow_waypoints/lib/python3.10/site-packages/follow_waypoints/go_to_points.py to go_to_points.cpython-310.pyc
[1.169s] byte-compiling /home/tarun/lmas_ws/install/follow_waypoints/lib/python3.10/site-packages/follow_waypoints/__init__.py to __init__.cpython-310.pyc
[1.169s] running install_data
[1.169s] copying resource/follow_waypoints -> /home/tarun/lmas_ws/install/follow_waypoints/share/ament_index/resource_index/packages
[1.169s] copying package.xml -> /home/tarun/lmas_ws/install/follow_waypoints/share/follow_waypoints
[1.170s] copying config/follow_waypoints.yaml -> /home/tarun/lmas_ws/install/follow_waypoints/share/follow_waypoints/config
[1.170s] running install_egg_info
[1.171s] Copying ../../build/follow_waypoints/follow_waypoints.egg-info to /home/tarun/lmas_ws/install/follow_waypoints/lib/python3.10/site-packages/follow_waypoints-0.0.0-py3.10.egg-info
[1.172s] running install_scripts
[1.187s] Installing follow_waypoints_exe script to /home/tarun/lmas_ws/install/follow_waypoints/lib/follow_waypoints
[1.187s] Installing go_to_points_exe script to /home/tarun/lmas_ws/install/follow_waypoints/lib/follow_waypoints
[1.187s] writing list of installed files to '/home/tarun/lmas_ws/build/follow_waypoints/install.log'
[1.205s] Invoked command in '/home/tarun/lmas_ws/src/follow_waypoints' returned '0': PYTHONPATH=/home/tarun/lmas_ws/build/follow_waypoints/prefix_override:/usr/lib/python3/dist-packages/colcon_core/task/python/colcon_distutils_commands:/home/tarun/lmas_ws/install/follow_waypoints/lib/python3.10/site-packages:${PYTHONPATH} /usr/bin/python3 -W ignore:setup.py install is deprecated setup.py egg_info --egg-base ../../build/follow_waypoints build --build-base /home/tarun/lmas_ws/build/follow_waypoints/build install --record /home/tarun/lmas_ws/build/follow_waypoints/install.log --single-version-externally-managed install_data --force
