/usr/lib/python3/dist-packages/setuptools/dist.py:723: UserWarning: Usage of dash-separated 'script-dir' will not be supported in future versions. Please use the underscore name 'script_dir' instead
  warnings.warn(
running develop
/usr/lib/python3/dist-packages/setuptools/command/easy_install.py:158: EasyInstallDeprecationWarning: easy_install command is deprecated. Use build and pip and other standards-based tools.
  warnings.warn(
running egg_info
writing ball_tracker.egg-info/PKG-INFO
writing dependency_links to ball_tracker.egg-info/dependency_links.txt
writing entry points to ball_tracker.egg-info/entry_points.txt
writing requirements to ball_tracker.egg-info/requires.txt
writing top-level names to ball_tracker.egg-info/top_level.txt
reading manifest file 'ball_tracker.egg-info/SOURCES.txt'
writing manifest file 'ball_tracker.egg-info/SOURCES.txt'
running build_ext
Creating /home/tarun/lmas_ws/install/ball_tracker/lib/python3.10/site-packages/ball-tracker.egg-link (link to .)
Installing detect_ball script to /home/tarun/lmas_ws/install/ball_tracker/lib/ball_tracker
Installing detect_ball_3d script to /home/tarun/lmas_ws/install/ball_tracker/lib/ball_tracker
Installing detect_robot_exe script to /home/tarun/lmas_ws/install/ball_tracker/lib/ball_tracker
Installing follow_ball script to /home/tarun/lmas_ws/install/ball_tracker/lib/ball_tracker

Installed /home/tarun/lmas_ws/build/ball_tracker
running symlink_data
