[0.691s] Invoking command in '/home/tarun/lmas_ws/build/ball_tracker': PYTHONPATH=/home/tarun/lmas_ws/build/ball_tracker/prefix_override:/usr/lib/python3/dist-packages/colcon_core/task/python/colcon_distutils_commands:/home/tarun/lmas_ws/install/ball_tracker/lib/python3.10/site-packages:${PYTHONPATH} /usr/bin/python3 -W ignore:setup.py install is deprecated setup.py develop --editable --build-directory /home/tarun/lmas_ws/build/ball_tracker/build --no-deps symlink_data
[0.866s] /usr/lib/python3/dist-packages/setuptools/dist.py:723: UserWarning: Usage of dash-separated 'script-dir' will not be supported in future versions. Please use the underscore name 'script_dir' instead
[0.866s]   warnings.warn(
[0.888s] running develop
[0.888s] /usr/lib/python3/dist-packages/setuptools/command/easy_install.py:158: EasyInstallDeprecationWarning: easy_install command is deprecated. Use build and pip and other standards-based tools.
[0.888s]   warnings.warn(
[1.016s] running egg_info
[1.016s] writing ball_tracker.egg-info/PKG-INFO
[1.016s] writing dependency_links to ball_tracker.egg-info/dependency_links.txt
[1.016s] writing entry points to ball_tracker.egg-info/entry_points.txt
[1.016s] writing requirements to ball_tracker.egg-info/requires.txt
[1.016s] writing top-level names to ball_tracker.egg-info/top_level.txt
[1.018s] reading manifest file 'ball_tracker.egg-info/SOURCES.txt'
[1.019s] writing manifest file 'ball_tracker.egg-info/SOURCES.txt'
[1.020s] running build_ext
[1.020s] Creating /home/tarun/lmas_ws/install/ball_tracker/lib/python3.10/site-packages/ball-tracker.egg-link (link to .)
[1.020s] Installing detect_ball script to /home/tarun/lmas_ws/install/ball_tracker/lib/ball_tracker
[1.021s] Installing detect_ball_3d script to /home/tarun/lmas_ws/install/ball_tracker/lib/ball_tracker
[1.021s] Installing detect_robot_exe script to /home/tarun/lmas_ws/install/ball_tracker/lib/ball_tracker
[1.021s] Installing follow_ball script to /home/tarun/lmas_ws/install/ball_tracker/lib/ball_tracker
[1.021s] 
[1.021s] Installed /home/tarun/lmas_ws/build/ball_tracker
[1.021s] running symlink_data
[1.050s] Invoked command in '/home/tarun/lmas_ws/build/ball_tracker' returned '0': PYTHONPATH=/home/tarun/lmas_ws/build/ball_tracker/prefix_override:/usr/lib/python3/dist-packages/colcon_core/task/python/colcon_distutils_commands:/home/tarun/lmas_ws/install/ball_tracker/lib/python3.10/site-packages:${PYTHONPATH} /usr/bin/python3 -W ignore:setup.py install is deprecated setup.py develop --editable --build-directory /home/tarun/lmas_ws/build/ball_tracker/build --no-deps symlink_data
