[0.661s] Invoking command in '/home/tarun/lmas_ws/build/ball_tracker': PYTHONPATH=/home/tarun/lmas_ws/build/ball_tracker/prefix_override:/usr/lib/python3/dist-packages/colcon_core/task/python/colcon_distutils_commands:/home/tarun/lmas_ws/install/ball_tracker/lib/python3.10/site-packages:${PYTHONPATH} /usr/bin/python3 -W ignore:setup.py install is deprecated setup.py develop --editable --build-directory /home/tarun/lmas_ws/build/ball_tracker/build --no-deps symlink_data --force
[0.829s] /usr/lib/python3/dist-packages/setuptools/dist.py:723: UserWarning: Usage of dash-separated 'script-dir' will not be supported in future versions. Please use the underscore name 'script_dir' instead
[0.829s]   warnings.warn(
[0.853s] running develop
[0.853s] /usr/lib/python3/dist-packages/setuptools/command/easy_install.py:158: EasyInstallDeprecationWarning: easy_install command is deprecated. Use build and pip and other standards-based tools.
[0.853s]   warnings.warn(
[0.974s] running egg_info
[0.974s] writing ball_tracker.egg-info/PKG-INFO
[0.974s] writing dependency_links to ball_tracker.egg-info/dependency_links.txt
[0.975s] writing entry points to ball_tracker.egg-info/entry_points.txt
[0.975s] writing requirements to ball_tracker.egg-info/requires.txt
[0.975s] writing top-level names to ball_tracker.egg-info/top_level.txt
[0.976s] reading manifest file 'ball_tracker.egg-info/SOURCES.txt'
[0.977s] writing manifest file 'ball_tracker.egg-info/SOURCES.txt'
[0.978s] running build_ext
[0.978s] Creating /home/tarun/lmas_ws/install/ball_tracker/lib/python3.10/site-packages/ball-tracker.egg-link (link to .)
[0.979s] Installing detect_ball script to /home/tarun/lmas_ws/install/ball_tracker/lib/ball_tracker
[0.979s] Installing detect_ball_3d script to /home/tarun/lmas_ws/install/ball_tracker/lib/ball_tracker
[0.979s] Installing detect_robot_exe script to /home/tarun/lmas_ws/install/ball_tracker/lib/ball_tracker
[0.980s] Installing follow_ball script to /home/tarun/lmas_ws/install/ball_tracker/lib/ball_tracker
[0.980s] 
[0.980s] Installed /home/tarun/lmas_ws/build/ball_tracker
[0.980s] running symlink_data
[0.980s] symbolically linking /home/tarun/lmas_ws/build/ball_tracker/resource/ball_tracker -> /home/tarun/lmas_ws/install/ball_tracker/share/ament_index/resource_index/packages
[0.980s] symbolically linking /home/tarun/lmas_ws/build/ball_tracker/package.xml -> /home/tarun/lmas_ws/install/ball_tracker/share/ball_tracker
[0.980s] symbolically linking /home/tarun/lmas_ws/build/ball_tracker/launch/example_launch_include.launch.py -> /home/tarun/lmas_ws/install/ball_tracker/share/ball_tracker/launch
[0.980s] symbolically linking /home/tarun/lmas_ws/build/ball_tracker/launch/detect_robot_launch.py -> /home/tarun/lmas_ws/install/ball_tracker/share/ball_tracker/launch
[0.980s] symbolically linking /home/tarun/lmas_ws/build/ball_tracker/launch/ball_tracker.launch.py -> /home/tarun/lmas_ws/install/ball_tracker/share/ball_tracker/launch
[0.981s] symbolically linking /home/tarun/lmas_ws/build/ball_tracker/config/ball_tracker_params_example.yaml -> /home/tarun/lmas_ws/install/ball_tracker/share/ball_tracker/config
[1.010s] Invoked command in '/home/tarun/lmas_ws/build/ball_tracker' returned '0': PYTHONPATH=/home/tarun/lmas_ws/build/ball_tracker/prefix_override:/usr/lib/python3/dist-packages/colcon_core/task/python/colcon_distutils_commands:/home/tarun/lmas_ws/install/ball_tracker/lib/python3.10/site-packages:${PYTHONPATH} /usr/bin/python3 -W ignore:setup.py install is deprecated setup.py develop --editable --build-directory /home/tarun/lmas_ws/build/ball_tracker/build --no-deps symlink_data --force
