[0.660s] Invoking command in '/home/tarun/lmas_ws/build/follow_waypoints': PYTHONPATH=/home/tarun/lmas_ws/build/follow_waypoints/prefix_override:/usr/lib/python3/dist-packages/colcon_core/task/python/colcon_distutils_commands:/home/tarun/lmas_ws/install/follow_waypoints/lib/python3.10/site-packages:${PYTHONPATH} /usr/bin/python3 -W ignore:setup.py install is deprecated setup.py develop --editable --build-directory /home/tarun/lmas_ws/build/follow_waypoints/build --no-deps symlink_data --force
[0.849s] running develop
[0.849s] /usr/lib/python3/dist-packages/setuptools/command/easy_install.py:158: EasyInstallDeprecationWarning: easy_install command is deprecated. Use build and pip and other standards-based tools.
[0.849s]   warnings.warn(
[0.970s] running egg_info
[0.970s] writing follow_waypoints.egg-info/PKG-INFO
[0.970s] writing dependency_links to follow_waypoints.egg-info/dependency_links.txt
[0.970s] writing entry points to follow_waypoints.egg-info/entry_points.txt
[0.970s] writing requirements to follow_waypoints.egg-info/requires.txt
[0.970s] writing top-level names to follow_waypoints.egg-info/top_level.txt
[0.971s] reading manifest file 'follow_waypoints.egg-info/SOURCES.txt'
[0.974s] writing manifest file 'follow_waypoints.egg-info/SOURCES.txt'
[0.974s] running build_ext
[0.975s] Creating /home/tarun/lmas_ws/install/follow_waypoints/lib/python3.10/site-packages/follow-waypoints.egg-link (link to .)
[0.975s] Installing follow_waypoints_exe script to /home/tarun/lmas_ws/install/follow_waypoints/lib/follow_waypoints
[0.975s] Installing go_to_points_exe script to /home/tarun/lmas_ws/install/follow_waypoints/lib/follow_waypoints
[0.976s] 
[0.976s] Installed /home/tarun/lmas_ws/build/follow_waypoints
[0.976s] running symlink_data
[0.976s] symbolically linking /home/tarun/lmas_ws/build/follow_waypoints/resource/follow_waypoints -> /home/tarun/lmas_ws/install/follow_waypoints/share/ament_index/resource_index/packages
[0.976s] symbolically linking /home/tarun/lmas_ws/build/follow_waypoints/package.xml -> /home/tarun/lmas_ws/install/follow_waypoints/share/follow_waypoints
[0.976s] symbolically linking /home/tarun/lmas_ws/build/follow_waypoints/config/follow_waypoints.yaml -> /home/tarun/lmas_ws/install/follow_waypoints/share/follow_waypoints/config
[1.000s] Invoked command in '/home/tarun/lmas_ws/build/follow_waypoints' returned '0': PYTHONPATH=/home/tarun/lmas_ws/build/follow_waypoints/prefix_override:/usr/lib/python3/dist-packages/colcon_core/task/python/colcon_distutils_commands:/home/tarun/lmas_ws/install/follow_waypoints/lib/python3.10/site-packages:${PYTHONPATH} /usr/bin/python3 -W ignore:setup.py install is deprecated setup.py develop --editable --build-directory /home/tarun/lmas_ws/build/follow_waypoints/build --no-deps symlink_data --force
