[0.672s] Invoking command in '/home/tarun/lmas_ws/build/follow_waypoints': PYTHONPATH=/home/tarun/lmas_ws/build/follow_waypoints/prefix_override:/usr/lib/python3/dist-packages/colcon_core/task/python/colcon_distutils_commands:/home/tarun/lmas_ws/install/follow_waypoints/lib/python3.10/site-packages:${PYTHONPATH} /usr/bin/python3 -W ignore:setup.py install is deprecated setup.py develop --editable --build-directory /home/tarun/lmas_ws/build/follow_waypoints/build --no-deps symlink_data
[0.869s] running develop
[0.869s] /usr/lib/python3/dist-packages/setuptools/command/easy_install.py:158: EasyInstallDeprecationWarning: easy_install command is deprecated. Use build and pip and other standards-based tools.
[0.869s]   warnings.warn(
[0.999s] running egg_info
[0.999s] writing follow_waypoints.egg-info/PKG-INFO
[0.999s] writing dependency_links to follow_waypoints.egg-info/dependency_links.txt
[0.999s] writing entry points to follow_waypoints.egg-info/entry_points.txt
[0.999s] writing requirements to follow_waypoints.egg-info/requires.txt
[1.000s] writing top-level names to follow_waypoints.egg-info/top_level.txt
[1.001s] reading manifest file 'follow_waypoints.egg-info/SOURCES.txt'
[1.001s] writing manifest file 'follow_waypoints.egg-info/SOURCES.txt'
[1.002s] running build_ext
[1.002s] Creating /home/tarun/lmas_ws/install/follow_waypoints/lib/python3.10/site-packages/follow-waypoints.egg-link (link to .)
[1.003s] Installing follow_waypoints_exe script to /home/tarun/lmas_ws/install/follow_waypoints/lib/follow_waypoints
[1.003s] Installing go_to_points_exe script to /home/tarun/lmas_ws/install/follow_waypoints/lib/follow_waypoints
[1.003s] 
[1.003s] Installed /home/tarun/lmas_ws/build/follow_waypoints
[1.004s] running symlink_data
[1.026s] Invoked command in '/home/tarun/lmas_ws/build/follow_waypoints' returned '0': PYTHONPATH=/home/tarun/lmas_ws/build/follow_waypoints/prefix_override:/usr/lib/python3/dist-packages/colcon_core/task/python/colcon_distutils_commands:/home/tarun/lmas_ws/install/follow_waypoints/lib/python3.10/site-packages:${PYTHONPATH} /usr/bin/python3 -W ignore:setup.py install is deprecated setup.py develop --editable --build-directory /home/tarun/lmas_ws/build/follow_waypoints/build --no-deps symlink_data
