[0.663s] Invoking command in '/home/tarun/lmas_ws/build/ball_tracker': PYTHONPATH=/home/tarun/lmas_ws/build/ball_tracker/prefix_override:/usr/lib/python3/dist-packages/colcon_core/task/python/colcon_distutils_commands:/home/tarun/lmas_ws/install/ball_tracker/lib/python3.10/site-packages:${PYTHONPATH} /usr/bin/python3 -W ignore:setup.py install is deprecated setup.py develop --editable --build-directory /home/tarun/lmas_ws/build/ball_tracker/build --no-deps symlink_data
[0.834s] /usr/lib/python3/dist-packages/setuptools/dist.py:723: UserWarning: Usage of dash-separated 'script-dir' will not be supported in future versions. Please use the underscore name 'script_dir' instead
[0.834s]   warnings.warn(
[0.855s] running develop
[0.855s] /usr/lib/python3/dist-packages/setuptools/command/easy_install.py:158: EasyInstallDeprecationWarning: easy_install command is deprecated. Use build and pip and other standards-based tools.
[0.855s]   warnings.warn(
[0.982s] running egg_info
[0.982s] writing ball_tracker.egg-info/PKG-INFO
[0.982s] writing dependency_links to ball_tracker.egg-info/dependency_links.txt
[0.982s] writing entry points to ball_tracker.egg-info/entry_points.txt
[0.983s] writing requirements to ball_tracker.egg-info/requires.txt
[0.983s] writing top-level names to ball_tracker.egg-info/top_level.txt
[0.984s] reading manifest file 'ball_tracker.egg-info/SOURCES.txt'
[0.985s] writing manifest file 'ball_tracker.egg-info/SOURCES.txt'
[0.986s] running build_ext
[0.986s] Creating /home/tarun/lmas_ws/install/ball_tracker/lib/python3.10/site-packages/ball-tracker.egg-link (link to .)
[0.986s] Installing detect_ball script to /home/tarun/lmas_ws/install/ball_tracker/lib/ball_tracker
[0.986s] Installing detect_ball_3d script to /home/tarun/lmas_ws/install/ball_tracker/lib/ball_tracker
[0.987s] Installing detect_robot_exe script to /home/tarun/lmas_ws/install/ball_tracker/lib/ball_tracker
[0.987s] Installing follow_ball script to /home/tarun/lmas_ws/install/ball_tracker/lib/ball_tracker
[0.987s] 
[0.987s] Installed /home/tarun/lmas_ws/build/ball_tracker
[0.987s] running symlink_data
[1.009s] Invoked command in '/home/tarun/lmas_ws/build/ball_tracker' returned '0': PYTHONPATH=/home/tarun/lmas_ws/build/ball_tracker/prefix_override:/usr/lib/python3/dist-packages/colcon_core/task/python/colcon_distutils_commands:/home/tarun/lmas_ws/install/ball_tracker/lib/python3.10/site-packages:${PYTHONPATH} /usr/bin/python3 -W ignore:setup.py install is deprecated setup.py develop --editable --build-directory /home/tarun/lmas_ws/build/ball_tracker/build --no-deps symlink_data
